Drill Listing
=============
Drill: .01181  Tool: 1  Feed: 95  Speed: 300
X 135039  Y 127165
X 135039  Y 132677
X 135039  Y 170472
X 135039  Y 212992
X 135039  Y 251574
Drill: .035  Tool: 2  Feed: 197  Speed: 550
X 111811  Y 168897
X 111811  Y 178740
X 111811  Y 188582
X 111811  Y 198425
X 111811  Y 208267
Drill: .03543  Tool: 3  Feed: 197  Speed: 550
X 111811  Y 218110
Drill: .08268  Tool: 4  Feed: 74  Speed: 550
X 107874  Y 119685
X 170866  Y 119685
X 107874  Y 269291
X 170866  Y 269291
End of Listing
