Drill Listing
=============
Drill: .01181  Tool: 1  Feed: 95  Speed: 300
X 103937  Y 103937
X 125590  Y 103937
X 114566  Y 103937
X 114566  Y 111417
X 103937  Y 121653
X 127716  Y 122598
X 127716  Y 125196
X 127716  Y 127795
X 103740  Y 138976
X 106692  Y 138976
X 113779  Y 141732
X 103740  Y 142913
X 106692  Y 142913
X 106692  Y 147047
X 103740  Y 147047
X 127952  Y 190866
X 127952  Y 193464
X 127952  Y 196062
X 133464  Y 293700
X 129133  Y 293700
X 137795  Y 293700
X 129133  Y 289763
X 133464  Y 289763
X 137795  Y 289763
X 133464  Y 285433
X 129133  Y 285433
X 137795  Y 285433
X 130944  Y 196062
X 130944  Y 193464
X 130944  Y 190866
X 135039  Y 147244
X 137598  Y 147244
X 135039  Y 142913
X 137598  Y 142913
X 144488  Y 142125
X 135039  Y 138582
X 137598  Y 138582
X 142125  Y 130314
X 130787  Y 127795
X 130787  Y 125196
X 130787  Y 122598
X 135433  Y 111811
X 147244  Y 103937
X 135433  Y 103937
X 162992  Y 103937
X 174803  Y 103937
X 174803  Y 111811
X 162992  Y 118897
X 174803  Y 123622
X 157874  Y 133464
X 174803  Y 147244
X 161023  Y 159055
X 174803  Y 176771
X 218503  Y 281889
X 225984  Y 281889
X 218503  Y 274409
X 225984  Y 274409
X 218503  Y 266535
X 225984  Y 266535
X 218503  Y 178740
X 221259  Y 178740
X 218503  Y 175590
X 221259  Y 175590
X 218503  Y 172440
X 221259  Y 172440
X 207086  Y 139173
X 202165  Y 139173
X 226574  Y 139173
X 197047  Y 139173
X 192913  Y 133858
X 221653  Y 127795
X 218110  Y 127795
X 221653  Y 125196
X 218110  Y 125196
X 221653  Y 122598
X 218110  Y 122598
X 192913  Y 118110
X 217322  Y 116929
X 225984  Y 111811
X 205511  Y 111023
X 205511  Y 103937
X 225984  Y 103937
X 217322  Y 102362
X 192913  Y 102362
X 236220  Y 103149
X 253149  Y 118700
X 232874  Y 130708
X 248425  Y 136220
X 236417  Y 139173
X 231692  Y 139173
X 249606  Y 145275
X 233858  Y 266535
X 233858  Y 274409
X 233858  Y 281889
X 265354  Y 159055
X 265354  Y 139370
X 265354  Y 121653
X 285039  Y 121653
X 300787  Y 119685
X 285748  Y 114330
X 265354  Y 111811
X 300787  Y 109842
X 285748  Y 108582
X 265354  Y 103937
X 292913  Y 103937
X 255118  Y 103149
X 310629  Y 103937
X 322677  Y 109448
X 320078  Y 109448
X 317480  Y 109448
X 322677  Y 112047
X 317480  Y 112047
X 320078  Y 112047
X 321496  Y 116929
X 318740  Y 122677
X 305039  Y 126850
X 305039  Y 131889
X 305039  Y 136929
X 309055  Y 152598
X 312047  Y 152598
X 309055  Y 155275
X 312047  Y 155275
X 312047  Y 158031
X 309055  Y 158031
X 325196  Y 248031
X 317322  Y 248031
X 310236  Y 248031
X 310236  Y 255118
X 317322  Y 255118
X 325196  Y 255118
X 317322  Y 262204
X 325196  Y 262204
X 310236  Y 262204
X 348818  Y 141653
X 333779  Y 136771
X 338897  Y 135590
X 333779  Y 131732
X 341811  Y 130157
X 333779  Y 126771
X 335354  Y 122440
X 332677  Y 117086
X 338188  Y 103937
X 348661  Y 103307
X 356377  Y 103307
X 355905  Y 113779
X 355905  Y 131496
X 356299  Y 141653
End of Listing
