Drill Listing
=============
Drill: .01378  Tool: 1  Feed: 95  Speed: 300
X 103937  Y 103937
X 103937  Y 147244
X 103937  Y 171653
X 103937  Y 180314
X 103937  Y 188188
X 122047  Y 200000
X 122834  Y 225196
X 120866  Y 238582
X 113779  Y 248425
X 121653  Y 261417
X 121653  Y 270866
X 116535  Y 355905
X 103937  Y 383464
X 123622  Y 403149
X 132283  Y 370078
X 128346  Y 360629
X 127559  Y 340157
X 141732  Y 339370
X 137480  Y 337401
X 127559  Y 332283
X 149606  Y 330708
X 140157  Y 319685
X 143307  Y 319685
X 140157  Y 316535
X 143307  Y 316535
X 126771  Y 310236
X 143307  Y 303937
X 140157  Y 303937
X 146456  Y 303937
X 144094  Y 262204
X 129527  Y 255118
X 147244  Y 248425
X 145669  Y 188188
X 140944  Y 175196
X 143307  Y 147244
X 143307  Y 103937
X 162992  Y 194488
X 190551  Y 194488
X 186614  Y 234645
X 162204  Y 234645
X 187795  Y 253543
X 168897  Y 258267
X 187401  Y 263385
X 197637  Y 271653
X 192125  Y 272440
X 176377  Y 280314
X 192913  Y 280314
X 192125  Y 299212
X 197637  Y 307874
X 192913  Y 307874
X 151181  Y 314173
X 167716  Y 314173
X 177952  Y 315748
X 192913  Y 315748
X 177165  Y 322834
X 192913  Y 322834
X 192913  Y 329921
X 177165  Y 329921
X 152755  Y 333858
X 192125  Y 337007
X 151968  Y 340157
X 175590  Y 341732
X 175590  Y 346456
X 175590  Y 351181
X 186220  Y 357480
X 159055  Y 357480
X 162992  Y 403149
X 198425  Y 403149
X 200984  Y 357480
X 215944  Y 357480
X 223622  Y 337007
X 207874  Y 336220
X 217322  Y 336220
X 209448  Y 317322
X 214173  Y 311811
X 211023  Y 308661
X 221496  Y 304566
X 219606  Y 300787
X 221574  Y 297480
X 209448  Y 292125
X 217322  Y 276377
X 222047  Y 268503
X 206299  Y 258267
X 200000  Y 254724
X 221259  Y 247244
X 219842  Y 243307
X 207086  Y 232283
X 204724  Y 225196
X 219291  Y 216535
X 204724  Y 216535
X 206299  Y 209448
X 208661  Y 202362
X 222047  Y 194488
X 237795  Y 211811
X 237007  Y 218897
X 237007  Y 233858
X 239370  Y 251968
X 242519  Y 253543
X 235433  Y 254330
X 242519  Y 269291
X 227559  Y 288897
X 240944  Y 288976
X 227559  Y 292913
X 237244  Y 315590
X 233858  Y 318110
X 237007  Y 321259
X 234645  Y 334645
X 243307  Y 335433
X 247244  Y 337007
X 239370  Y 337007
X 245866  Y 357677
X 230905  Y 357677
X 241732  Y 403149
X 257480  Y 403149
X 277165  Y 387401
X 256692  Y 381889
X 277165  Y 371653
X 253543  Y 337007
X 254330  Y 317322
X 254330  Y 311811
X 250393  Y 247244
X 253543  Y 243307
X 257480  Y 194488
Drill: .02362  Tool: 2  Feed: 197  Speed: 550
X 125984  Y 181889
X 125984  Y 188188
X 156692  Y 281889
X 156692  Y 288976
X 156692  Y 296062
X 222047  Y 225984
Drill: .035  Tool: 3  Feed: 197  Speed: 550
X 100000  Y 231889
X 100000  Y 241732
X 100000  Y 251574
X 100000  Y 261417
X 100000  Y 271259
X 100000  Y 312598
X 100000  Y 322440
X 100000  Y 332283
X 100000  Y 342125
X 141338  Y 387401
X 151181  Y 387401
X 192519  Y 387401
X 202362  Y 387401
X 212204  Y 387401
X 222047  Y 387401
X 265354  Y 238779
X 265354  Y 278149
X 265354  Y 318503
X 265354  Y 328346
X 265354  Y 338188
X 231889  Y 387401
Drill: .03543  Tool: 4  Feed: 197  Speed: 550
X 100000  Y 281102
X 100000  Y 351968
X 161023  Y 387401
X 241732  Y 387401
X 265354  Y 308661
X 265354  Y 268307
X 265354  Y 228937
Drill: .04724  Tool: 5  Feed: 139  Speed: 550
X 126181  Y 139763 X 117125  Y 139763
X 126181  Y 116141 X 117125  Y 116141
X 140157  Y 123425 X 140157  Y 132480
Drill: .07874  Tool: 6  Feed: 81  Speed: 550
X 111781  Y 202401
X 111781  Y 395314
X 269261  Y 395314
X 269261  Y 202401
End of Listing
