Drill Listing
=============
Drill: .01181  Tool: 1  Feed: 0  Speed: 0
X 119685  Y 103937
X 103937  Y 119685
X 115748  Y 129527
X 103937  Y 147244
X 127559  Y 149212
X 115748  Y 162992
X 103937  Y 182677
X 103937  Y 190551
X 125590  Y 203543
X 103937  Y 204330
X 124763  Y 212834
X 117224  Y 218948
X 103937  Y 233858
X 103937  Y 257480
X 113110  Y 260905
X 125590  Y 267322
X 103937  Y 281102
X 125590  Y 283070
X 103937  Y 304724
X 127559  Y 310629
X 117716  Y 310629
X 127952  Y 329527
X 122047  Y 329527
X 146456  Y 329527
X 140551  Y 329527
X 134251  Y 327559
X 152362  Y 321259
X 141338  Y 310629
X 133464  Y 287007
X 151181  Y 287007
X 140511  Y 279173
X 137795  Y 257874
X 147244  Y 255511
X 134409  Y 250669
X 146535  Y 248740
X 133464  Y 246456
X 149212  Y 245669
X 133464  Y 233858
X 151181  Y 227952
X 152362  Y 222637
X 143267  Y 210118
X 137007  Y 208267
X 129645  Y 202362
X 143700  Y 198818
X 131102  Y 198425
X 137007  Y 198425
X 151669  Y 197460
X 148425  Y 193307
X 147992  Y 187519
X 141889  Y 181496
X 150314  Y 170314
X 141338  Y 164960
X 129527  Y 161023
X 151641  Y 157673
X 133464  Y 139370
X 147854  Y 139362
X 137007  Y 133464
X 149212  Y 127559
X 133858  Y 123228
X 153149  Y 117716
X 141338  Y 103937
X 162992  Y 103937
X 168110  Y 140527
X 169405  Y 147456
X 154842  Y 148795
X 168307  Y 157149
X 157728  Y 157688
X 164173  Y 167716
X 167322  Y 173622
X 153937  Y 174645
X 162992  Y 176771
X 164094  Y 181496
X 162992  Y 186614
X 163106  Y 194519
X 170866  Y 201181
X 159055  Y 212204
X 164566  Y 212204
X 173818  Y 222559
X 170078  Y 222637
X 164960  Y 227952
X 178740  Y 227952
X 162992  Y 241732
X 176771  Y 243700
X 162992  Y 255511
X 176771  Y 255511
X 154527  Y 269448
X 168070  Y 273622
X 165787  Y 276968
X 163228  Y 280708
X 166929  Y 288976
X 166929  Y 293700
X 178346  Y 305511
X 166929  Y 314566
X 155905  Y 321259
X 177952  Y 321259
X 184645  Y 328346
X 181496  Y 321259
X 183464  Y 299606
X 182677  Y 287007
X 192559  Y 265826
X 187401  Y 265629
X 200275  Y 265551
X 183255  Y 264566
X 186614  Y 257874
X 202834  Y 254330
X 195275  Y 244094
X 191338  Y 229133
X 203110  Y 220236
X 183070  Y 218897
X 196811  Y 216929
X 200787  Y 214173
X 180303  Y 212417
X 183692  Y 209822
X 203870  Y 203303
X 195275  Y 193307
X 190944  Y 191732
X 195669  Y 185433
X 195669  Y 177952
X 182677  Y 158267
X 197244  Y 155118
X 183858  Y 138188
X 179070  Y 138047
X 183858  Y 132677
X 196456  Y 124409
X 184645  Y 103937
X 206299  Y 103937
X 222047  Y 119685
X 210236  Y 124803
X 213476  Y 141893
X 222047  Y 143307
X 222047  Y 164960
X 222047  Y 168897
X 209842  Y 174409
X 208661  Y 181496
X 219291  Y 187007
X 209842  Y 190551
X 222047  Y 196456
X 208653  Y 205940
X 215574  Y 209822
X 222047  Y 216929
X 215354  Y 220472
X 222047  Y 224015
X 215354  Y 229133
X 222047  Y 241732
X 213346  Y 249606
X 208267  Y 255511
X 208582  Y 265629
X 222047  Y 267322
X 213385  Y 273622
X 204330  Y 287007
X 222047  Y 294881
X 210236  Y 310629
X 222047  Y 328346
Drill: .01969  Tool: 2  Feed: 0  Speed: 0
X 133661  Y 117716
X 138582  Y 117716
X 143503  Y 117716
X 167913  Y 117716
X 172834  Y 117716
X 177755  Y 117716
X 182677  Y 117716
X 187598  Y 117716
X 192519  Y 117716
X 197440  Y 117716
Drill: .02362  Tool: 3  Feed: 0  Speed: 0
X 117027  Y 177362 X 117027  Y 175787
X 117027  Y 197440 X 117027  Y 195866
X 108070  Y 175885 X 105314  Y 175885
X 108070  Y 197342 X 105314  Y 197342
Drill: .07087  Tool: 4  Feed: 0  Speed: 0
X 166929  Y 304724
X 166929  Y 326377
Drill: .07874  Tool: 5  Feed: 0  Speed: 0
X 109842  Y 109842
X 109842  Y 320472
X 196456  Y 320472
X 216141  Y 109842
End of Listing
