Drill Listing
=============
Drill: .01181  Tool: 1  Feed: 0  Speed: 0
X 107874  Y 127559
X 127559  Y 111811
X 151181  Y 111811
X 174803  Y 111811
X 194488  Y 127559
X 194488  Y 166929
X 166929  Y 170866
X 159055  Y 159055
X 151181  Y 147244
X 139370  Y 151181
X 107874  Y 198425
X 140866  Y 190000
X 151181  Y 186614
X 166929  Y 198425
X 194488  Y 206299
X 194488  Y 245669
X 166929  Y 229921
X 151181  Y 229921
X 140393  Y 229960
Drill: .01969  Tool: 2  Feed: 0  Speed: 0
X 111456  Y 176850
X 111456  Y 171929
Drill: .02362  Tool: 3  Feed: 0  Speed: 0
X 117027  Y 228937 X 117027  Y 227362
X 117027  Y 208858 X 117027  Y 207283
X 105314  Y 228838 X 108070  Y 228838
X 105314  Y 207381 X 108070  Y 207381
Drill: .03937  Tool: 4  Feed: 0  Speed: 0
X 137401  Y 137401
X 147244  Y 137401
X 155118  Y 137401
X 164960  Y 137401
Drill: .04016  Tool: 5  Feed: 0  Speed: 0
X 130826  Y 250511
X 140826  Y 250511
X 150826  Y 250511
X 160826  Y 250511
X 170826  Y 250511
X 170826  Y 260511
X 160826  Y 260511
X 150826  Y 260511
X 140826  Y 260511
X 130826  Y 260511
Drill: .07874  Tool: 6  Feed: 0  Speed: 0
X 109842  Y 109842
X 192519  Y 109842
X 192519  Y 259448
X 109842  Y 259448
Drill: .09843  Tool: 7  Feed: 0  Speed: 0
X 125314  Y 126732
X 177047  Y 126732
End of Listing
