Drill Listing
=============
Drill: .01181  Tool: 1  Feed: 0  Speed: 0
X 128149  Y 107519
X 115748  Y 224015
X 103937  Y 224015
X 126377  Y 224015
X 127559  Y 233858
X 103937  Y 237795
X 115748  Y 237795
X 127559  Y 245669
X 103937  Y 249606
X 119685  Y 253149
X 127559  Y 253543
X 127559  Y 265354
X 119685  Y 265354
X 144881  Y 266535
X 133858  Y 266141
X 140157  Y 266141
X 135039  Y 262598
X 133858  Y 259055
X 144763  Y 258897
X 137795  Y 252755
X 142913  Y 252362
X 151968  Y 251181
X 137795  Y 248425
X 142913  Y 248425
X 151968  Y 248031
X 132755  Y 247755
X 153543  Y 224015
X 136338  Y 223582
X 130866  Y 107519
X 171535  Y 107519
X 174251  Y 107519
X 175708  Y 223897
X 161811  Y 224015
X 156299  Y 229527
X 156299  Y 238582
X 161653  Y 247637
X 175984  Y 248425
X 175984  Y 252362
X 168503  Y 256692
X 173622  Y 259055
X 168503  Y 265354
X 173622  Y 265748
X 157480  Y 266535
X 163779  Y 266535
X 179921  Y 265748
X 179921  Y 256299
X 185826  Y 252362
X 181102  Y 252362
X 198425  Y 249212
X 185826  Y 248425
X 181102  Y 248425
X 191732  Y 248031
X 198425  Y 239409
X 191732  Y 234645
X 191338  Y 224015
X 198818  Y 224015
Drill: .07874  Tool: 2  Feed: 0  Speed: 0
X 109842  Y 109842
X 192519  Y 109842
X 109842  Y 259448
X 192519  Y 259448
End of Listing
